User de_junious added
User nunez_gomez added
User uellaegoess added
User lanpher added
User galvin added
User laspina added
User dodich added
User bannowsky added
User waisath added
User von_reddig-piette added
User latona added
User homewood added
User pallafor-zedian added
User senemounnarat-quillian added
User isaac added
User plancarte added
User berteotti-stirn added
User strycker added
User von_verrill added
User deschner added
User franzi added
User cringle added
User kosh added
User derouchie added
User doutt added
User munley added
User dornbos added
User mahala added
User ellingwood added
User de_cardinalli-sciola added
User gundry added
User pinedo added
User faivre added
User pinsky added
User pinsky1 added
User pinsky2 added
User pinsky3 added
User norlien added
User preato added
User de_junious added
User nunez_gomez added
User uellaegoess added
User lanpher added
User galvin added
User laspina added
User dodich added
User bannowsky added
User waisath added
User von_reddig-piette added
User latona added
User homewood added
User pallafor-zedian added
User senemounnarat-quillian added
User isaac added
User plancarte added
User berteotti-stirn added
User strycker added
User von_verrill added
User deschner added
User franzi added
User cringle added
User kosh added
User derouchie added
User doutt added
User munley added
User dornbos added
User mahala added
User ellingwood added
User de_cardinalli-sciola added
User gundry added
User pinedo added
User faivre added
User pinsky added
User pinsky1 added
User pinsky2 added
User pinsky3 added
User norlien added
User preato added
User de_junious added
User nunez_gomez added
User uellaegoess added
User lanpher added
User galvin added
User laspina added
User dodich added
User bannowsky added
User waisath added
User von_reddig-piette added
User latona added
User homewood added
User pallafor-zedian added
User senemounnarat-quillian added
User isaac added
User plancarte added
User berteotti-stirn added
User strycker added
User von_verrill added
User deschner added
User franzi added
User cringle added
User kosh added
User derouchie added
User doutt added
User munley added
User dornbos added
User mahala added
User ellingwood added
User de_cardinalli-sciola added
User gundry added
User pinedo added
User faivre added
User pinsky added
User pinsky1 added
User pinsky2 added
User pinsky3 added
User norlien added
User preato added
User de_junious added
User nunez_gomez added
User uellaegoess added
User lanpher added
User galvin added
User laspina added
User dodich added
User bannowsky added
User waisath added
User von_reddig-piette added
User latona added
User homewood added
User pallafor-zedian added
User senemounnarat-quillian added
User isaac added
User plancarte added
User berteotti-stirn added
User strycker added
User von_verrill added
User deschner added
User franzi added
User cringle added
User kosh added
User derouchie added
User doutt added
User munley added
User dornbos added
User mahala added
User ellingwood added
User de_cardinalli-sciola added
User gundry added
User pinedo added
User faivre added
User pinsky added
User pinsky1 added
User pinsky2 added
User pinsky3 added
User norlien added
User preato added
User de_junious added
User nunez_gomez added
User uellaegoess added
User lanpher added
User galvin added
User laspina added
User dodich added
User bannowsky added
User waisath added
User von_reddig-piette added
User latona added
User homewood added
User pallafor-zedian added
User senemounnarat-quillian added
User isaac added
User plancarte added
User berteotti-stirn added
User strycker added
User von_verrill added
User deschner added
User franzi added
User cringle added
User kosh added
User derouchie added
User doutt added
User munley added
User dornbos added
User mahala added
User ellingwood added
User de_cardinalli-sciola added
User gundry added
User pinedo added
User faivre added
User pinsky added
User pinsky1 added
User pinsky2 added
User pinsky3 added
User norlien added
User preato added
User de_junious added
User nunez_gomez added
User uellaegoess added
User lanpher added
User galvin added
User laspina added
User dodich added
User bannowsky added
User waisath added
User von_reddig-piette added
User latona added
User homewood added
User pallafor-zedian added
User senemounnarat-quillian added
User isaac added
User plancarte added
User berteotti-stirn added
User strycker added
User von_verrill added
User deschner added
User franzi added
User cringle added
User kosh added
User derouchie added
User doutt added
User munley added
User dornbos added
User mahala added
User ellingwood added
User de_cardinalli-sciola added
User gundry added
User pinedo added
User faivre added
User pinsky added
User pinsky1 added
User pinsky2 added
User pinsky3 added
User norlien added
User preato added
